INFO:  latexindent.pl version 3.23.9, 2024-04-06, a script to indent .tex files
       latexindent.pl lives here: C:/Users/gudan/AppData/Local/Programs/MiKTeX/scripts/latexindent/
       Sat Apr 27 11:59:51 2024
       Filename: c:/Users/gudan/OneDrive/Desktop/GitHub/Notes/Mathematics/Indefinite Integration/__latexindent_temp_Indefinite_Integration_SN.tex
INFO:  Processing switches:
       -y|--yaml: YAML settings specified via command line
       -c|--cruft: cruft directory
INFO:  Directory for backup files and c:/Users/gudan/OneDrive/Desktop/GitHub/Notes/Mathematics/Indefinite Integration//indent.log:
       c:/Users/gudan/OneDrive/Desktop/GitHub/Notes/Mathematics/Indefinite Integration/
INFO:  Perl modules are being loaded from the following directories:
       C:/Strawberry/perl/lib/FindBin.pm
       C:/Strawberry/perl/vendor/lib/YAML/Tiny.pm
       C:/Strawberry/perl/lib/File/Copy.pm
       C:/Strawberry/perl/lib/File/Basename.pm
       C:/Strawberry/perl/lib/Getopt/Long.pm
       C:/Strawberry/perl/vendor/lib/File/HomeDir.pm
INFO:  LatexIndent perl modules are being loaded from, for example:
       C:/Users/gudan/AppData/Local/Programs/MiKTeX/scripts/latexindent/LatexIndent/Document.pm
INFO:  YAML settings read: defaultSettings.yaml
       Reading defaultSettings.yaml from C:/Users/gudan/AppData/Local/Programs/MiKTeX/scripts/latexindent/defaultSettings.yaml
INFO:  YAML reading settings
       Home directory is C:\Users\gudan
       latexindent.pl didn't find indentconfig.yaml or .indentconfig.yaml
       see all possible locations: https://latexindentpl.readthedocs.io/en/latest/sec-appendices.html#indentconfig-options)
INFO:  YAML settings read: -y switch
       YAML setting: defaultIndent:'    '
       single-quoted string found in -y switch: '    ', substitute to     
       Updating mainSettings with defaultIndent:     
FATAL I couldn't find c:/Users/gudan/OneDrive/Desktop/GitHub/Notes/Mathematics/Indefinite Integration/__latexindent_temp_Indefinite_Integration_SN.tex, are you sure it exists?
      Exiting, no indentation done.
       --------------
INFO:  Please direct all communication/issues to:
        https://github.com/cmhughes/latexindent.pl
